This is XeTeX, Version 3.14159265-2.6-0.99991 (MiKTeX 2.9) (preloaded format=xelatex 2015.8.17)  17 APR 2016 22:03
entering extended mode
**sigproc-sp.tex
(sigproc-sp.tex
LaTeX2e <2015/01/01>
Babel <3.9l> and hyphenation patterns for 69 languages loaded.
(acm_proc_article-sp.cls
("C:\Program Files (x86)\MiKTeX 2.9\tex\latex\graphics\epsfig.sty"
Package: epsfig 1999/02/16 v1.7a (e)psfig emulation (SPQR)

("C:\Program Files (x86)\MiKTeX 2.9\tex\latex\graphics\graphicx.sty"
Package: graphicx 2014/10/28 v1.0g Enhanced LaTeX Graphics (DPC,SPQR)

("C:\Program Files (x86)\MiKTeX 2.9\tex\latex\graphics\keyval.sty"
Package: keyval 2014/10/28 v1.15 key=value parser (DPC)
\KV@toks@=\toks14
)
("C:\Program Files (x86)\MiKTeX 2.9\tex\latex\graphics\graphics.sty"
Package: graphics 2014/10/28 v1.0p Standard LaTeX Graphics (DPC,SPQR)

("C:\Program Files (x86)\MiKTeX 2.9\tex\latex\graphics\trig.sty"
Package: trig 1999/03/16 v1.09 sin cos tan (DPC)
)
("C:\Program Files (x86)\MiKTeX 2.9\tex\latex\00miktex\graphics.cfg"
File: graphics.cfg 2007/01/18 v1.5 graphics configuration of teTeX/TeXLive
)
Package graphics Info: Driver file: xetex.def on input line 94.

("C:\Program Files (x86)\MiKTeX 2.9\tex\xelatex\xetex-def\xetex.def"
File: xetex.def 2015/03/25 v4.04 LaTeX color/graphics driver for XeTeX (TeX Liv
e/RRM/JK)
))
\Gin@req@height=\dimen102
\Gin@req@width=\dimen103
)
\epsfxsize=\dimen104
\epsfysize=\dimen105
)
("C:\Program Files (x86)\MiKTeX 2.9\tex\latex\amsfonts\amssymb.sty"
Package: amssymb 2013/01/14 v3.01 AMS font symbols

("C:\Program Files (x86)\MiKTeX 2.9\tex\latex\amsfonts\amsfonts.sty"
Package: amsfonts 2013/01/14 v3.01 Basic AMSFonts support
\@emptytoks=\toks15
\symAMSa=\mathgroup4
\symAMSb=\mathgroup5
LaTeX Font Info:    Overwriting math alphabet `\mathfrak' in version `bold'
(Font)                  U/euf/m/n --> U/euf/b/n on input line 106.
))
("C:\Program Files (x86)\MiKTeX 2.9\tex\latex\amsmath\amsmath.sty"
Package: amsmath 2013/01/14 v2.14 AMS math features
\@mathmargin=\skip41

For additional information on amsmath, use the `?' option.
("C:\Program Files (x86)\MiKTeX 2.9\tex\latex\amsmath\amstext.sty"
Package: amstext 2000/06/29 v2.01

("C:\Program Files (x86)\MiKTeX 2.9\tex\latex\amsmath\amsgen.sty"
File: amsgen.sty 1999/11/30 v2.0
\@emptytoks=\toks16
\ex@=\dimen106
))
("C:\Program Files (x86)\MiKTeX 2.9\tex\latex\amsmath\amsbsy.sty"
Package: amsbsy 1999/11/29 v1.2d
\pmbraise@=\dimen107
)
("C:\Program Files (x86)\MiKTeX 2.9\tex\latex\amsmath\amsopn.sty"
Package: amsopn 1999/12/14 v2.01 operator names
)
\inf@bad=\count80
LaTeX Info: Redefining \frac on input line 210.
\uproot@=\count81
\leftroot@=\count82
LaTeX Info: Redefining \overline on input line 306.
\classnum@=\count83
\DOTSCASE@=\count84
LaTeX Info: Redefining \ldots on input line 378.
LaTeX Info: Redefining \dots on input line 381.
LaTeX Info: Redefining \cdots on input line 466.
\Mathstrutbox@=\box26
\strutbox@=\box27
\big@size=\dimen108
LaTeX Font Info:    Redeclaring font encoding OML on input line 566.
LaTeX Font Info:    Redeclaring font encoding OMS on input line 567.
\macc@depth=\count85
\c@MaxMatrixCols=\count86
\dotsspace@=\muskip10
\c@parentequation=\count87
\dspbrk@lvl=\count88
\tag@help=\toks17
\row@=\count89
\column@=\count90
\maxfields@=\count91
\andhelp@=\toks18
\eqnshift@=\dimen109
\alignsep@=\dimen110
\tagshift@=\dimen111
\tagwidth@=\dimen112
\totwidth@=\dimen113
\lineht@=\dimen114
\@envbody=\toks19
\multlinegap=\skip42
\multlinetaggap=\skip43
\mathdisplay@stack=\toks20
LaTeX Info: Redefining \[ on input line 2665.
LaTeX Info: Redefining \] on input line 2666.
)
Document Class 'acm_proc_article-sp' <22nd. April '09>. Modified by G.K.M. Tobi
n
Based in part upon document Style `acmconf' <22 May 89>. Hacked 4/91 by
shivers@cs.cmu.edu, 4/93 by theobald@cs.mcgill.ca
Excerpts were taken from (Journal Style) 'esub2acm.cls'.
****** Bugs/comments/suggestions to Gerry Murray -- murray@hq.acm.org ******
\footheight=\dimen115
\@maxsep=\dimen116
\@dblmaxsep=\dimen117
\aucount=\count92
\originalaucount=\count93
\auwidth=\dimen118
\auskip=\dimen119
\auskipcount=\count94
\auskip=\dimen120
\allauboxes=\dimen121
\addauthors=\toks21
\addauflag=\count95
\subtitletext=\toks22
Requested font "ptmb8t" at 12.0pt
Requested font "ptmbi8t" at 12.0pt
Requested font "ptmri8t" at 11.0pt
Requested font "ptmbi8t" at 11.0pt
Requested font "phvb8t" at 18.0pt
Requested font "phvbo8t" at 18.0pt
Requested font "phvr8t" at 14.0pt
Requested font "phvro8t" at 14.0pt
Requested font "phvb8t" at 14.0pt
Requested font "phvr8t" at 12.0pt
Requested font "phvro8t" at 12.0pt
Requested font "phvr8t" at 10.0pt
Requested font "phvro8t" at 10.0pt
Requested font "ptmr8t" at 9.0pt
Requested font "ptmri8t" at 8.0pt
Requested font "ptmr8t" at 8.0pt
\savesection=\count96
\sectioncntr=\count97
\c@figure=\count98
\c@table=\count99
\titleboxnotes=\toks23
\titleboxnoteflag=\count100
Document Class: acm_proc_article-sp 2009/04/22 - V3.2SP - based on esub2acm.sty
 <23 April 96>
("C:\Program Files (x86)\MiKTeX 2.9\tex\latex\base\latexsym.sty"
Package: latexsym 1998/08/17 v2.2e Standard LaTeX package (lasy symbols)
\symlasy=\mathgroup6
LaTeX Font Info:    Overwriting symbol font `lasy' in version `bold'
(Font)                  U/lasy/m/n --> U/lasy/b/n on input line 52.
)
Requested font "cmr9" at 9.0pt
\@acmtitlebox=\box28
\titlenotecount=\count101
\tntoks=\toks24
\tntokstwo=\toks25
\tntoksthree=\toks26
\tntoksfour=\toks27
\tntoksfive=\toks28
\catcount=\count102
\copyrightnotice=\toks29
\conf=\toks30
\confinfo=\toks31
\c@part=\count103
\c@section=\count104
\c@subsection=\count105
\c@subsubsection=\count106
\c@paragraph=\count107

Using 'Abbrev' bibliography style
LaTeX Info: Redefining \cite on input line 1236.
\bibindent=\dimen122
\colcntr=\count108
\saveb@x=\box29
\copyrtyr=\toks32
\acmcopyr=\toks33
\boilerplate=\toks34
\copyrightetc=\toks35
("C:\Program Files (x86)\MiKTeX 2.9\tex\latex\base\fontenc.sty"
Package: fontenc 2005/09/27 v1.99g Standard LaTeX package

("C:\Program Files (x86)\MiKTeX 2.9\tex\latex\base\t1enc.def"
File: t1enc.def 2005/09/27 v1.99g Standard LaTeX file
LaTeX Font Info:    Redeclaring font encoding T1 on input line 48.
)
LaTeX Font Info:    Try loading font information for T1+aer on input line 105.

("C:\Program Files (x86)\MiKTeX 2.9\tex\latex\ae\t1aer.fd"
File: t1aer.fd 1997/11/16 Font definitions for T1/aer.
)
Requested font "aer9" at 9.0pt
))
("C:\Program Files (x86)\MiKTeX 2.9\tex\latex\hyphenat\hyphenat.sty"
Package: hyphenat 2009/09/02 v2.3c hyphenation utilities
\langwohyphens=\language70
LaTeX Info: Redefining \_ on input line 43.
)
("C:\Program Files (x86)\MiKTeX 2.9\tex\latex\ms\ragged2e.sty"
Package: ragged2e 2009/05/21 v2.1 ragged2e Package (MS)

("C:\Program Files (x86)\MiKTeX 2.9\tex\latex\ms\everysel.sty"
Package: everysel 2011/10/28 v1.2 EverySelectfont Package (MS)
)
\CenteringLeftskip=\skip44
\RaggedLeftLeftskip=\skip45
\RaggedRightLeftskip=\skip46
\CenteringRightskip=\skip47
\RaggedLeftRightskip=\skip48
\RaggedRightRightskip=\skip49
\CenteringParfillskip=\skip50
\RaggedLeftParfillskip=\skip51
\RaggedRightParfillskip=\skip52
\JustifyingParfillskip=\skip53
\CenteringParindent=\skip54
\RaggedLeftParindent=\skip55
\RaggedRightParindent=\skip56
\JustifyingParindent=\skip57
)
("C:\Program Files (x86)\MiKTeX 2.9\tex\latex\tools\array.sty"
Package: array 2014/10/28 v2.4c Tabular extension package (FMi)
\col@sep=\dimen123
\extrarowheight=\dimen124
\NC@list=\toks36
\extratabsurround=\skip58
\backup@length=\skip59
) (sigproc-sp.aux)
LaTeX Font Info:    Checking defaults for OML/cmm/m/it on input line 35.
LaTeX Font Info:    ... okay on input line 35.
LaTeX Font Info:    Checking defaults for T1/cmr/m/n on input line 35.
LaTeX Font Info:    ... okay on input line 35.
LaTeX Font Info:    Checking defaults for OT1/cmr/m/n on input line 35.
LaTeX Font Info:    ... okay on input line 35.
LaTeX Font Info:    Checking defaults for OMS/cmsy/m/n on input line 35.
LaTeX Font Info:    ... okay on input line 35.
LaTeX Font Info:    Checking defaults for OMX/cmex/m/n on input line 35.
LaTeX Font Info:    ... okay on input line 35.
LaTeX Font Info:    Checking defaults for U/cmr/m/n on input line 35.
LaTeX Font Info:    ... okay on input line 35.
 ABD: EverySelectfont initializing macros
LaTeX Info: Redefining \selectfont on input line 35.
Requested font "cmr6" at 6.0pt
Requested font "cmmi9" at 9.0pt
Requested font "cmmi6" at 6.0pt
Requested font "cmsy9" at 9.0pt
Requested font "cmsy6" at 6.0pt
Requested font "cmex9" at 9.0pt
Requested font "cmex7" at 6.0pt
Requested font "cmex7" at 5.0pt
LaTeX Font Info:    Try loading font information for U+msa on input line 99.

("C:\Program Files (x86)\MiKTeX 2.9\tex\latex\amsfonts\umsa.fd"
File: umsa.fd 2013/01/14 v3.01 AMS symbols A
)
Requested font "msam10" at 9.0pt
Requested font "msam7" at 6.0pt
Requested font "msam5" at 5.0pt
LaTeX Font Info:    Try loading font information for U+msb on input line 99.

("C:\Program Files (x86)\MiKTeX 2.9\tex\latex\amsfonts\umsb.fd"
File: umsb.fd 2013/01/14 v3.01 AMS symbols B
)
Requested font "msbm10" at 9.0pt
Requested font "msbm7" at 6.0pt
Requested font "msbm5" at 5.0pt
LaTeX Font Info:    Try loading font information for U+lasy on input line 99.

("C:\Program Files (x86)\MiKTeX 2.9\tex\latex\base\ulasy.fd"
File: ulasy.fd 1998/08/17 v2.2e LaTeX symbol font definitions
)
Requested font "lasy9" at 9.0pt
Requested font "lasy6" at 6.0pt
Requested font "lasy5" at 5.0pt
Requested font "aer6" at 6.0pt

Overfull \hbox (7.64684pt too wide) in paragraph at lines 103--104
\T1/aer/m/n/9 few years, there has been lit-tle im-prove-ments made to low-leve
l
 []


Overfull \hbox (4.3542pt too wide) in paragraph at lines 103--104
\T1/aer/m/n/9 pro-to-cols on the Link and Phys-i-cal lay-ers of the Open Sys-te
ms
 []


Overfull \hbox (9.50177pt too wide) in paragraph at lines 103--104
\T1/aer/m/n/9 their in-com-pat-i-bil-ity with ex-ist-ing pro-to-cols. The vul-n
er-a-bil-ity
 []


Overfull \hbox (2.03922pt too wide) in paragraph at lines 105--106
[]\T1/aer/m/n/9 Thus, our re-search fo-cuses on a so-lu-tion to de-tect and pre
-vent
 []

Requested font "aebx9" at 9.0pt

Underfull \hbox (badness 10000) in paragraph at lines 119--121

 []


Overfull \hbox (11.71582pt too wide) in paragraph at lines 134--135
\T1/aer/m/n/9 Abel'. As these pro-grams are open source and well doc-u-mented,
 []

[1


]
Underfull \hbox (badness 10000) in paragraph at lines 145--150

 []

File: osi_comparison.eps Graphic file (type eps)
<osi_comparison.eps>
Underfull \hbox (badness 10000) in paragraph at lines 166--167

 []

File: DHCP_Discover.eps Graphic file (type eps)
<DHCP_Discover.eps>
File: DHCP_Offer.eps Graphic file (type eps)
 <DHCP_Offer.eps>
File: DHCP_Request.eps Graphic file (type eps)
 <DHCP_Request.eps>
File: DHCP_Ack.eps Graphic file (type eps)
 <DHCP_Ack.eps>
Overfull \hbox (2.11116pt too wide) in paragraph at lines 191--192
[]\T1/aer/m/n/9 1. ARP Re-quest: Al-ice's com-puter sends out an ARP re-quest
 []

File: ARP_Request.eps Graphic file (type eps)
<ARP_Request.eps>
File: ARP_Response.eps Graphic file (type eps)
 <ARP_Response.eps>
Underfull \vbox (badness 10000) has occurred while \output is active []

 [2]
File: Poisoned_ARP.eps Graphic file (type eps)

<Poisoned_ARP.eps>
Overfull \hbox (4.27257pt too wide) in paragraph at lines 223--224
[]\T1/aer/m/n/9 The so-lu-tion to this prob-lem is to im-ple-ment DHCP snoop-in
g. 
 []


Overfull \hbox (8.31126pt too wide) in paragraph at lines 226--227
\T1/aer/m/n/9 ARP Spoof-ing. How-ever, many of these so-lu-tions are de-scribed

 []


Overfull \hbox (6.71053pt too wide) in paragraph at lines 228--231
\T1/aer/m/n/9 with cryp-to-graphic mea-sures in place. How-ever, im-ple-ment-in
g
 []


Overfull \hbox (1.41057pt too wide) in paragraph at lines 232--235
\T1/aer/m/n/9 database is used for com-par-ing with an in-com-ing ARP packet
 []


Overfull \hbox (1.90633pt too wide) in paragraph at lines 256--257
[]\T1/aer/m/n/9 We cre-ated a soft-ware prod-uct called `Spoof Alert' to mon-i-
tor
 []

[3]
File: architecture01.png Graphic file (type QTm)
 <use  "architecture01.png" >
Overfull \hbox (8.67421pt too wide) in paragraph at lines 279--280
[]\T1/aer/m/n/9 The snif-fer runs on a sep-a-rate thread from the main ap-pli-c
a-tion
 []


Overfull \hbox (2.16628pt too wide) in paragraph at lines 293--294
\T1/aer/m/n/9 Upon re-ceiv-ing an ARP packet that is cap-tured by the snif-fer,

 []

Missing character: There is no ’ in font aer9!
File: architecture02.png Graphic file (type QTm)
<use  "architecture02.png" > [4]
File: architecture03.png Graphic file (type QTm)
 <use  "architecture03.png" >
File: architecture04.png Graphic file (type QTm)

<use  "architecture04.png" >
Missing character: There is no ’ in font aer9!
File: architecture05.png Graphic file (type QTm)
 <use  "architecture05.png" >
Underfull \vbox (badness 10000) has occurred while \output is active []


Overfull \hbox (12.33711pt too wide) in paragraph at lines 325--328
\T1/aer/m/n/9 packet and the net-work has to be mod-i-fied to run au-then-ti-ca
-tion
 []


Overfull \hbox (1.72548pt too wide) in paragraph at lines 329--332
\T1/aer/m/n/9 pack-ets in a net-work. Upon de-tect-ing that a MAC-IP ad-dress
 []


Overfull \hbox (10.05849pt too wide) in paragraph at lines 333--335
\T1/aer/m/n/9 Static ARP will pre-vent all vari-ants of ARP spoof-ing. How-ever
,
 []


Overfull \hbox (4.30917pt too wide) in paragraph at lines 333--335
\T1/aer/m/n/9 this does not scale well in an large en-vi-ron-ment and gra-tu-it
ous
 []


Underfull \hbox (badness 10000) in paragraph at lines 343--343
[]|\T1/aer/m/n/9 ARP re-sponse packet with
 []


Underfull \hbox (badness 10000) in paragraph at lines 345--345
[]|\T1/aer/m/n/9 ARP re-sponse packet with
 []


Underfull \hbox (badness 10000) in paragraph at lines 345--345
\T1/aer/m/n/9 con-sis-tent head-ers that is
 []


Underfull \hbox (badness 10000) in paragraph at lines 347--347
[]|\T1/aer/m/n/9 ARP re-sponse packet with
 []


Underfull \hbox (badness 10000) in paragraph at lines 347--347
\T1/aer/m/n/9 con-sis-tent head-ers that is
 []


Underfull \hbox (badness 10000) in paragraph at lines 347--347
\T1/aer/m/n/9 in-con-sis-tent with the ARP
 []


Underfull \hbox (badness 10000) in paragraph at lines 349--349
[]|\T1/aer/m/n/9 DHCP of-fer packet from
 []


Underfull \hbox (badness 10000) in paragraph at lines 351--352
[]|\T1/aer/m/n/9 DHCP spoof
 []


Underfull \vbox (badness 10000) has occurred while \output is active []

 [5]
Missing character: There is no ’ in font aer9!

Overfull \hbox (7.34103pt too wide) in paragraph at lines 360--361
\T1/aer/m/n/9 pre-vent the ad-di-tion of spoofed ARP pair-ings to the com-put-e
rs
 []

Missing character: There is no ’ in font aer9!

Overfull \hbox (1.49234pt too wide) in paragraph at lines 377--379
\T1/aer/m/n/9 1. No Sup-port for Net-work En-crypted with WPA-Enterprise: 
 []


Overfull \hbox (3.60555pt too wide) in paragraph at lines 389--390
\T1/aer/m/n/9 us-ing a net-work en-crypted by WPA-Enterprise, it is oth-er-wise

 []

(sigproc-sp.bbl
Requested font "aeti9" at 9.0pt
) [6] (sigproc-sp.aux) ) 
Here is how much of TeX's memory you used:
 2049 strings out of 428760
 22449 string characters out of 3163264
 82956 words of memory out of 3000000
 5346 multiletter control sequences out of 15000+200000
 41318 words of font info for 52 fonts, out of 3000000 for 9000
 1096 hyphenation exceptions out of 8191
 39i,10n,28p,599b,228s stack positions out of 5000i,500n,10000p,200000b,50000s

Output written on sigproc-sp.pdf (6 pages).
