\BOOKMARK [1][-]{section.1}{Introduction}{}% 1
\BOOKMARK [1][-]{section.2}{Background}{}% 2
\BOOKMARK [2][-]{subsection.2.1}{Models\040and\040Abstractions}{section.2}% 3
\BOOKMARK [2][-]{subsection.2.2}{Computer\040Communications}{section.2}% 4
\BOOKMARK [2][-]{subsection.2.3}{Poisoning\040the\040ARP\040Cache}{section.2}% 5
\BOOKMARK [2][-]{subsection.2.4}{DHCP\040Spoofing}{section.2}% 6
\BOOKMARK [1][-]{section.3}{Current\040Solutions\040and\040Mitigations}{}% 7
\BOOKMARK [1][-]{section.4}{Goals}{}% 8
\BOOKMARK [1][-]{section.5}{Proof\040of\040Concept}{}% 9
\BOOKMARK [2][-]{subsection.5.1}{Implementation\040System}{section.5}% 10
\BOOKMARK [2][-]{subsection.5.2}{Assumptions}{section.5}% 11
\BOOKMARK [2][-]{subsection.5.3}{Overall\040Architecture}{section.5}% 12
\BOOKMARK [2][-]{subsection.5.4}{The\040Attacker}{section.5}% 13
\BOOKMARK [2][-]{subsection.5.5}{The\040Defender\040Module}{section.5}% 14
\BOOKMARK [3][-]{subsubsection.5.5.1}{ARP\040Defender\040module}{subsection.5.5}% 15
\BOOKMARK [3][-]{subsubsection.5.5.2}{DHCP\040Defender\040module}{subsection.5.5}% 16
\BOOKMARK [2][-]{subsection.5.6}{The\040GUI}{section.5}% 17
\BOOKMARK [2][-]{subsection.5.7}{Python\040Code}{section.5}% 18
\BOOKMARK [1][-]{section.6}{Our\040solution\040versus\040current\040solutions}{}% 19
\BOOKMARK [1][-]{section.7}{Performance}{}% 20
\BOOKMARK [1][-]{section.8}{Limitations\040and\040Future\040Work}{}% 21
\BOOKMARK [2][-]{subsection.8.1}{Limitations}{section.8}% 22
\BOOKMARK [2][-]{subsection.8.2}{Future\040Work:\040GUI}{section.8}% 23
\BOOKMARK [2][-]{subsection.8.3}{Future\040Work:\040Backend\040Code}{section.8}% 24
\BOOKMARK [1][-]{section.9}{Conclusion}{}% 25
\BOOKMARK [1][-]{section.10}{Acknowledgements}{}% 26
\BOOKMARK [1][-]{section.11}{References}{}% 27
